0 info it worked if it ends with ok
1 verbose cli [ 'C:\\Program Files (x86)\\nodejs\\\\node.exe',
1 verbose cli   'C:\\Program Files (x86)\\nodejs\\node_modules\\npm\\bin\\npm-cli.js',
1 verbose cli   'start' ]
2 info using npm@1.1.66
3 info using node@v0.8.15
4 verbose node symlink C:\Program Files (x86)\nodejs\\node.exe
5 verbose read json D:\node\midi-kidi\midikidi\package.json
6 verbose run-script [ 'prestart', 'start', 'poststart' ]
7 info prestart midimaksakra@0.0.1
8 info start midimaksakra@0.0.1
9 verbose unsafe-perm in lifecycle true
10 silly exec cmd "/c" "nodemon midi.js"
11 silly cmd,/c,nodemon midi.js,D:\node\midi-kidi\midikidi spawning
12 info midimaksakra@0.0.1 Failed to exec start script
13 error midimaksakra@0.0.1 start: `nodemon midi.js`
13 error `cmd "/c" "nodemon midi.js"` failed with 1
14 error Failed at the midimaksakra@0.0.1 start script.
14 error This is most likely a problem with the midimaksakra package,
14 error not with npm itself.
14 error Tell the author that this fails on your system:
14 error     nodemon midi.js
14 error You can get their info via:
14 error     npm owner ls midimaksakra
14 error There is likely additional logging output above.
15 error System Windows_NT 6.1.7601
16 error command "C:\\Program Files (x86)\\nodejs\\\\node.exe" "C:\\Program Files (x86)\\nodejs\\node_modules\\npm\\bin\\npm-cli.js" "start"
17 error cwd D:\node\midi-kidi\midikidi
18 error node -v v0.8.15
19 error npm -v 1.1.66
20 error code ELIFECYCLE
21 verbose exit [ 1, true ]
